========== NOVI ZAHTJEV ==========
Vrijeme: 2025-03-31 12:54:56
SESSION ID: i2mdsi4on7vjovv0rmq4revsil
SESSION podaci: Array
(
    [admin_logged_in] => 1
    [admin_id] => 2
    [admin_username] => admin
)

SERVER podaci: Array
(
    [DOCUMENT_ROOT] => F:/xampp/htdocs
    [REQUEST_URI] => /trgovina/admin/
    [SCRIPT_NAME] => /trgovina/admin/index.php
    [PHP_SELF] => /trgovina/admin/index.php
)

USPJEŠNO dohvaćeni proizvodi
========== NOVI ZAHTJEV ==========
Vrijeme: 2025-03-31 12:55:02
SESSION ID: i2mdsi4on7vjovv0rmq4revsil
SESSION podaci: Array
(
    [admin_logged_in] => 1
    [admin_id] => 2
    [admin_username] => admin
)

SERVER podaci: Array
(
    [DOCUMENT_ROOT] => F:/xampp/htdocs
    [REQUEST_URI] => /trgovina/admin/
    [SCRIPT_NAME] => /trgovina/admin/index.php
    [PHP_SELF] => /trgovina/admin/index.php
)

USPJEŠNO dohvaćeni proizvodi
========== NOVI ZAHTJEV ==========
Vrijeme: 2025-03-31 12:55:03
SESSION ID: i2mdsi4on7vjovv0rmq4revsil
SESSION podaci: Array
(
    [admin_logged_in] => 1
    [admin_id] => 2
    [admin_username] => admin
)

SERVER podaci: Array
(
    [DOCUMENT_ROOT] => F:/xampp/htdocs
    [REQUEST_URI] => /trgovina/admin/
    [SCRIPT_NAME] => /trgovina/admin/index.php
    [PHP_SELF] => /trgovina/admin/index.php
)

USPJEŠNO dohvaćeni proizvodi
========== NOVI ZAHTJEV ==========
Vrijeme: 2025-03-31 12:55:03
SESSION ID: i2mdsi4on7vjovv0rmq4revsil
SESSION podaci: Array
(
    [admin_logged_in] => 1
    [admin_id] => 2
    [admin_username] => admin
)

SERVER podaci: Array
(
    [DOCUMENT_ROOT] => F:/xampp/htdocs
    [REQUEST_URI] => /trgovina/admin/
    [SCRIPT_NAME] => /trgovina/admin/index.php
    [PHP_SELF] => /trgovina/admin/index.php
)

USPJEŠNO dohvaćeni proizvodi
========== NOVI ZAHTJEV ==========
Vrijeme: 2025-03-31 12:55:04
SESSION ID: i2mdsi4on7vjovv0rmq4revsil
SESSION podaci: Array
(
    [admin_logged_in] => 1
    [admin_id] => 2
    [admin_username] => admin
)

SERVER podaci: Array
(
    [DOCUMENT_ROOT] => F:/xampp/htdocs
    [REQUEST_URI] => /trgovina/admin/
    [SCRIPT_NAME] => /trgovina/admin/index.php
    [PHP_SELF] => /trgovina/admin/index.php
)

USPJEŠNO dohvaćeni proizvodi
========== NOVI ZAHTJEV ==========
Vrijeme: 2025-03-31 12:55:06
SESSION ID: i2mdsi4on7vjovv0rmq4revsil
SESSION podaci: Array
(
    [admin_logged_in] => 1
    [admin_id] => 2
    [admin_username] => admin
)

SERVER podaci: Array
(
    [DOCUMENT_ROOT] => F:/xampp/htdocs
    [REQUEST_URI] => /trgovina/admin/
    [SCRIPT_NAME] => /trgovina/admin/index.php
    [PHP_SELF] => /trgovina/admin/index.php
)

USPJEŠNO dohvaćeni proizvodi
========== NOVI ZAHTJEV ==========
Vrijeme: 2025-03-31 12:55:08
SESSION ID: i2mdsi4on7vjovv0rmq4revsil
SESSION podaci: Array
(
    [admin_logged_in] => 1
    [admin_id] => 2
    [admin_username] => admin
)

SERVER podaci: Array
(
    [DOCUMENT_ROOT] => F:/xampp/htdocs
    [REQUEST_URI] => /trgovina/admin/proizvodi/uredi.php?id=1
    [SCRIPT_NAME] => /trgovina/admin/index.php
    [PHP_SELF] => /trgovina/admin/index.php
)

USPJEŠNO dohvaćeni proizvodi
========== NOVI ZAHTJEV ==========
Vrijeme: 2025-03-31 12:55:09
SESSION ID: i2mdsi4on7vjovv0rmq4revsil
SESSION podaci: Array
(
    [admin_logged_in] => 1
    [admin_id] => 2
    [admin_username] => admin
)

SERVER podaci: Array
(
    [DOCUMENT_ROOT] => F:/xampp/htdocs
    [REQUEST_URI] => /trgovina/admin/proizvodi/uredi.php?id=1
    [SCRIPT_NAME] => /trgovina/admin/index.php
    [PHP_SELF] => /trgovina/admin/index.php
)

USPJEŠNO dohvaćeni proizvodi
========== NOVI ZAHTJEV ==========
Vrijeme: 2025-03-31 12:55:09
SESSION ID: i2mdsi4on7vjovv0rmq4revsil
SESSION podaci: Array
(
    [admin_logged_in] => 1
    [admin_id] => 2
    [admin_username] => admin
)

SERVER podaci: Array
(
    [DOCUMENT_ROOT] => F:/xampp/htdocs
    [REQUEST_URI] => /trgovina/admin/proizvodi/uredi.php?id=1
    [SCRIPT_NAME] => /trgovina/admin/index.php
    [PHP_SELF] => /trgovina/admin/index.php
)

USPJEŠNO dohvaćeni proizvodi
========== NOVI ZAHTJEV ==========
Vrijeme: 2025-03-31 12:55:11
SESSION ID: i2mdsi4on7vjovv0rmq4revsil
SESSION podaci: Array
(
    [admin_logged_in] => 1
    [admin_id] => 2
    [admin_username] => admin
)

SERVER podaci: Array
(
    [DOCUMENT_ROOT] => F:/xampp/htdocs
    [REQUEST_URI] => /trgovina/admin/proizvodi/obrisi.php?id=1
    [SCRIPT_NAME] => /trgovina/admin/index.php
    [PHP_SELF] => /trgovina/admin/index.php
)

USPJEŠNO dohvaćeni proizvodi
========== NOVI ZAHTJEV ==========
Vrijeme: 2025-03-31 12:55:13
SESSION ID: i2mdsi4on7vjovv0rmq4revsil
SESSION podaci: Array
(
    [admin_logged_in] => 1
    [admin_id] => 2
    [admin_username] => admin
)

SERVER podaci: Array
(
    [DOCUMENT_ROOT] => F:/xampp/htdocs
    [REQUEST_URI] => /trgovina/admin/proizvodi/dodaj.php
    [SCRIPT_NAME] => /trgovina/admin/index.php
    [PHP_SELF] => /trgovina/admin/index.php
)

USPJEŠNO dohvaćeni proizvodi
========== NOVI ZAHTJEV ==========
Vrijeme: 2025-03-31 13:10:55
SESSION ID: i2mdsi4on7vjovv0rmq4revsil
SESSION podaci: Array
(
    [admin_logged_in] => 1
    [admin_id] => 2
    [admin_username] => admin
)

SERVER podaci: Array
(
    [DOCUMENT_ROOT] => F:/xampp/htdocs
    [REQUEST_URI] => /trgovina/admin/
    [SCRIPT_NAME] => /trgovina/admin/index.php
    [PHP_SELF] => /trgovina/admin/index.php
)

USPJEŠNO dohvaćeni proizvodi
========== NOVI ZAHTJEV ==========
Vrijeme: 2025-03-31 13:11:02
SESSION ID: i2mdsi4on7vjovv0rmq4revsil
SESSION podaci: Array
(
    [admin_logged_in] => 1
    [admin_id] => 2
    [admin_username] => admin
)

SERVER podaci: Array
(
    [DOCUMENT_ROOT] => F:/xampp/htdocs
    [REQUEST_URI] => /trgovina/admin/
    [SCRIPT_NAME] => /trgovina/admin/index.php
    [PHP_SELF] => /trgovina/admin/index.php
)

USPJEŠNO dohvaćeni proizvodi
========== NOVI ZAHTJEV ==========
Vrijeme: 2025-03-31 13:11:05
SESSION ID: i2mdsi4on7vjovv0rmq4revsil
SESSION podaci: Array
(
    [admin_logged_in] => 1
    [admin_id] => 2
    [admin_username] => admin
)

SERVER podaci: Array
(
    [DOCUMENT_ROOT] => F:/xampp/htdocs
    [REQUEST_URI] => /trgovina/admin/
    [SCRIPT_NAME] => /trgovina/admin/index.php
    [PHP_SELF] => /trgovina/admin/index.php
)

USPJEŠNO dohvaćeni proizvodi
========== NOVI ZAHTJEV ==========
Vrijeme: 2025-03-31 13:23:48
SESSION ID: i2mdsi4on7vjovv0rmq4revsil
SESSION podaci: Array
(
    [admin_logged_in] => 1
    [admin_id] => 2
    [admin_username] => admin
)

SERVER podaci: Array
(
    [DOCUMENT_ROOT] => F:/xampp/htdocs
    [REQUEST_URI] => /trgovina/admin/
    [SCRIPT_NAME] => /trgovina/admin/index.php
    [PHP_SELF] => /trgovina/admin/index.php
)

USPJEŠNO dohvaćeni proizvodi
========== NOVI ZAHTJEV ==========
Vrijeme: 2025-03-31 13:23:53
SESSION ID: i2mdsi4on7vjovv0rmq4revsil
SESSION podaci: Array
(
    [admin_logged_in] => 1
    [admin_id] => 2
    [admin_username] => admin
)

SERVER podaci: Array
(
    [DOCUMENT_ROOT] => F:/xampp/htdocs
    [REQUEST_URI] => /trgovina/admin/proizvodi/uredi.php?id=1
    [SCRIPT_NAME] => /trgovina/admin/index.php
    [PHP_SELF] => /trgovina/admin/index.php
)

USPJEŠNO dohvaćeni proizvodi
========== NOVI ZAHTJEV ==========
Vrijeme: 2025-03-31 13:23:54
SESSION ID: i2mdsi4on7vjovv0rmq4revsil
SESSION podaci: Array
(
    [admin_logged_in] => 1
    [admin_id] => 2
    [admin_username] => admin
)

SERVER podaci: Array
(
    [DOCUMENT_ROOT] => F:/xampp/htdocs
    [REQUEST_URI] => /trgovina/admin/proizvodi/uredi.php?id=1
    [SCRIPT_NAME] => /trgovina/admin/index.php
    [PHP_SELF] => /trgovina/admin/index.php
)

USPJEŠNO dohvaćeni proizvodi
========== NOVI ZAHTJEV ==========
Vrijeme: 2025-03-31 13:23:55
SESSION ID: i2mdsi4on7vjovv0rmq4revsil
SESSION podaci: Array
(
    [admin_logged_in] => 1
    [admin_id] => 2
    [admin_username] => admin
)

SERVER podaci: Array
(
    [DOCUMENT_ROOT] => F:/xampp/htdocs
    [REQUEST_URI] => /trgovina/admin/proizvodi/obrisi.php?id=1
    [SCRIPT_NAME] => /trgovina/admin/index.php
    [PHP_SELF] => /trgovina/admin/index.php
)

USPJEŠNO dohvaćeni proizvodi
========== NOVI ZAHTJEV ==========
Vrijeme: 2025-03-31 13:24:01
SESSION ID: i2mdsi4on7vjovv0rmq4revsil
SESSION podaci: Array
(
    [admin_logged_in] => 1
    [admin_id] => 2
    [admin_username] => admin
)

SERVER podaci: Array
(
    [DOCUMENT_ROOT] => F:/xampp/htdocs
    [REQUEST_URI] => /trgovina/admin/proizvodi/obrisi.php?id=1
    [SCRIPT_NAME] => /trgovina/admin/index.php
    [PHP_SELF] => /trgovina/admin/index.php
)

USPJEŠNO dohvaćeni proizvodi
========== NOVI ZAHTJEV ==========
Vrijeme: 2025-03-31 13:24:02
SESSION ID: i2mdsi4on7vjovv0rmq4revsil
SESSION podaci: Array
(
    [admin_logged_in] => 1
    [admin_id] => 2
    [admin_username] => admin
)

SERVER podaci: Array
(
    [DOCUMENT_ROOT] => F:/xampp/htdocs
    [REQUEST_URI] => /trgovina/admin/proizvodi/uredi.php?id=1
    [SCRIPT_NAME] => /trgovina/admin/index.php
    [PHP_SELF] => /trgovina/admin/index.php
)

USPJEŠNO dohvaćeni proizvodi
